2016-05-20 08:18:15,895 [Dummy-1:123145306509312] [django.db.backends:89] [utils:execute] [DEBUG]- (0.049) SET SQL_AUTO_IS_NULL = 0; args=None
2016-05-20 08:18:16,434 [Dummy-1:123145306509312] [django.db.backends:89] [utils:execute] [DEBUG]- (0.045) SET SQL_AUTO_IS_NULL = 0; args=None
2016-05-20 08:18:16,480 [Dummy-1:123145306509312] [django.db.backends:89] [utils:execute] [DEBUG]- (0.044) SHOW FULL TABLES; args=None
2016-05-20 08:18:16,480 [Dummy-1:123145306509312] [django.db.backends.schema:101] [schema:execute] [DEBUG]- CREATE TABLE `django_migrations` (`id` integer AUTO_INCREMENT NOT NULL PRIMARY KEY, `app` varchar(255) NOT NULL, `name` varchar(255) NOT NULL, `applied` datetime NOT NULL); (params None)
2016-05-20 08:18:16,566 [Dummy-1:123145306509312] [django.db.backends:89] [utils:execute] [DEBUG]- (0.086) CREATE TABLE `django_migrations` (`id` integer AUTO_INCREMENT NOT NULL PRIMARY KEY, `app` varchar(255) NOT NULL, `name` varchar(255) NOT NULL, `applied` datetime NOT NULL); args=None
2016-05-20 08:18:16,610 [Dummy-1:123145306509312] [django.db.backends:89] [utils:execute] [DEBUG]- (0.044) SELECT engine FROM information_schema.tables WHERE table_name = 'django_migrations'; args=[u'django_migrations']
2016-05-20 08:18:16,838 [Dummy-1:123145306509312] [django.db.backends:89] [utils:execute] [DEBUG]- (0.179) SELECT `django_migrations`.`app`, `django_migrations`.`name` FROM `django_migrations`; args=()
2016-05-20 08:18:33,235 [Dummy-1:123145306509312] [django.db.backends:89] [utils:execute] [DEBUG]- (0.040) SET SQL_AUTO_IS_NULL = 0; args=None
2016-05-20 08:18:33,994 [Dummy-1:123145306509312] [django.db.backends:89] [utils:execute] [DEBUG]- (0.050) SET SQL_AUTO_IS_NULL = 0; args=None
2016-05-20 08:18:34,044 [Dummy-1:123145306509312] [django.db.backends:89] [utils:execute] [DEBUG]- (0.049) SHOW FULL TABLES; args=None
2016-05-20 08:18:34,141 [Dummy-1:123145306509312] [django.db.backends:89] [utils:execute] [DEBUG]- (0.047) SELECT `django_migrations`.`app`, `django_migrations`.`name` FROM `django_migrations`; args=()
2016-05-20 08:23:45,223 [Dummy-1:123145306509312] [django.db.backends:89] [utils:execute] [DEBUG]- (0.045) SET SQL_AUTO_IS_NULL = 0; args=None
2016-05-20 08:23:45,682 [Dummy-1:123145306509312] [django.db.backends:89] [utils:execute] [DEBUG]- (0.044) SET SQL_AUTO_IS_NULL = 0; args=None
2016-05-20 08:23:45,813 [Dummy-1:123145306509312] [django.db.backends:89] [utils:execute] [DEBUG]- (0.130) SHOW FULL TABLES; args=None
2016-05-20 08:23:45,917 [Dummy-1:123145306509312] [django.db.backends:89] [utils:execute] [DEBUG]- (0.044) SELECT `django_migrations`.`app`, `django_migrations`.`name` FROM `django_migrations`; args=()
2016-05-20 08:24:17,098 [MainThread:140735127875584] [django.db.backends:89] [utils:execute] [DEBUG]- (0.128) SET SQL_AUTO_IS_NULL = 0; args=None
2016-05-20 08:24:29,454 [MainThread:140735127875584] [django.db.backends:89] [utils:execute] [DEBUG]- (0.048) SET SQL_AUTO_IS_NULL = 0; args=None
2016-05-20 08:24:29,926 [MainThread:140735127875584] [django.db.backends:89] [utils:execute] [DEBUG]- (0.044) SET SQL_AUTO_IS_NULL = 0; args=None
2016-05-20 08:24:29,974 [MainThread:140735127875584] [django.db.backends:89] [utils:execute] [DEBUG]- (0.048) SHOW FULL TABLES; args=None
2016-05-20 08:24:30,074 [MainThread:140735127875584] [django.db.backends:89] [utils:execute] [DEBUG]- (0.043) SELECT `django_migrations`.`app`, `django_migrations`.`name` FROM `django_migrations`; args=()
2016-05-20 08:24:30,079 [MainThread:140735127875584] [django.db.backends.schema:101] [schema:execute] [DEBUG]- CREATE TABLE `django_content_type` (`id` integer AUTO_INCREMENT NOT NULL PRIMARY KEY, `name` varchar(100) NOT NULL, `app_label` varchar(100) NOT NULL, `model` varchar(100) NOT NULL); (params None)
2016-05-20 08:24:30,165 [MainThread:140735127875584] [django.db.backends:89] [utils:execute] [DEBUG]- (0.086) CREATE TABLE `django_content_type` (`id` integer AUTO_INCREMENT NOT NULL PRIMARY KEY, `name` varchar(100) NOT NULL, `app_label` varchar(100) NOT NULL, `model` varchar(100) NOT NULL); args=None
2016-05-20 08:24:30,211 [MainThread:140735127875584] [django.db.backends:89] [utils:execute] [DEBUG]- (0.046) SELECT engine FROM information_schema.tables WHERE table_name = 'django_content_type'; args=[u'django_content_type']
2016-05-20 08:24:30,214 [MainThread:140735127875584] [django.db.backends.schema:101] [schema:execute] [DEBUG]- ALTER TABLE `django_content_type` ADD CONSTRAINT `django_content_type_app_label_76bd3d3b_uniq` UNIQUE (`app_label`, `model`); (params [])
2016-05-20 08:24:30,328 [MainThread:140735127875584] [django.db.backends:89] [utils:execute] [DEBUG]- (0.114) ALTER TABLE `django_content_type` ADD CONSTRAINT `django_content_type_app_label_76bd3d3b_uniq` UNIQUE (`app_label`, `model`); args=[]
2016-05-20 08:24:30,375 [MainThread:140735127875584] [django.db.backends:89] [utils:execute] [DEBUG]- (0.046) SHOW FULL TABLES; args=None
2016-05-20 08:24:30,967 [MainThread:140735127875584] [django.db.backends:89] [utils:execute] [DEBUG]- (0.549) INSERT INTO `django_migrations` (`app`, `name`, `applied`) VALUES ('contenttypes', '0001_initial', '2016-05-20 08:24:30'); args=['contenttypes', u'0001_initial', u'2016-05-20 08:24:30']
2016-05-20 08:24:31,059 [MainThread:140735127875584] [django.db.backends.schema:101] [schema:execute] [DEBUG]- CREATE TABLE `auth_permission` (`id` integer AUTO_INCREMENT NOT NULL PRIMARY KEY, `name` varchar(50) NOT NULL, `content_type_id` integer NOT NULL, `codename` varchar(100) NOT NULL); (params None)
2016-05-20 08:24:31,132 [MainThread:140735127875584] [django.db.backends:89] [utils:execute] [DEBUG]- (0.073) CREATE TABLE `auth_permission` (`id` integer AUTO_INCREMENT NOT NULL PRIMARY KEY, `name` varchar(50) NOT NULL, `content_type_id` integer NOT NULL, `codename` varchar(100) NOT NULL); args=None
2016-05-20 08:24:31,179 [MainThread:140735127875584] [django.db.backends:89] [utils:execute] [DEBUG]- (0.046) SELECT engine FROM information_schema.tables WHERE table_name = 'auth_permission'; args=[u'auth_permission']
2016-05-20 08:24:31,185 [MainThread:140735127875584] [django.db.backends.schema:101] [schema:execute] [DEBUG]- CREATE TABLE `auth_group` (`id` integer AUTO_INCREMENT NOT NULL PRIMARY KEY, `name` varchar(80) NOT NULL UNIQUE); (params None)
2016-05-20 08:24:31,265 [MainThread:140735127875584] [django.db.backends:89] [utils:execute] [DEBUG]- (0.080) CREATE TABLE `auth_group` (`id` integer AUTO_INCREMENT NOT NULL PRIMARY KEY, `name` varchar(80) NOT NULL UNIQUE); args=None
2016-05-20 08:24:31,311 [MainThread:140735127875584] [django.db.backends:89] [utils:execute] [DEBUG]- (0.046) SELECT engine FROM information_schema.tables WHERE table_name = 'auth_group'; args=[u'auth_group']
2016-05-20 08:24:31,312 [MainThread:140735127875584] [django.db.backends.schema:101] [schema:execute] [DEBUG]- CREATE TABLE `auth_group_permissions` (`id` integer AUTO_INCREMENT NOT NULL PRIMARY KEY, `group_id` integer NOT NULL, `permission_id` integer NOT NULL); (params None)
2016-05-20 08:24:31,384 [MainThread:140735127875584] [django.db.backends:89] [utils:execute] [DEBUG]- (0.072) CREATE TABLE `auth_group_permissions` (`id` integer AUTO_INCREMENT NOT NULL PRIMARY KEY, `group_id` integer NOT NULL, `permission_id` integer NOT NULL); args=None
2016-05-20 08:24:31,431 [MainThread:140735127875584] [django.db.backends:89] [utils:execute] [DEBUG]- (0.046) SELECT engine FROM information_schema.tables WHERE table_name = 'auth_group_permissions'; args=[u'auth_group_permissions']
2016-05-20 08:24:31,441 [MainThread:140735127875584] [django.db.backends.schema:101] [schema:execute] [DEBUG]- CREATE TABLE `auth_user` (`id` integer AUTO_INCREMENT NOT NULL PRIMARY KEY, `password` varchar(128) NOT NULL, `last_login` datetime NOT NULL, `is_superuser` bool NOT NULL, `username` varchar(30) NOT NULL UNIQUE, `first_name` varchar(30) NOT NULL, `last_name` varchar(30) NOT NULL, `email` varchar(75) NOT NULL, `is_staff` bool NOT NULL, `is_active` bool NOT NULL, `date_joined` datetime NOT NULL); (params None)
2016-05-20 08:24:31,518 [MainThread:140735127875584] [django.db.backends:89] [utils:execute] [DEBUG]- (0.077) CREATE TABLE `auth_user` (`id` integer AUTO_INCREMENT NOT NULL PRIMARY KEY, `password` varchar(128) NOT NULL, `last_login` datetime NOT NULL, `is_superuser` bool NOT NULL, `username` varchar(30) NOT NULL UNIQUE, `first_name` varchar(30) NOT NULL, `last_name` varchar(30) NOT NULL, `email` varchar(75) NOT NULL, `is_staff` bool NOT NULL, `is_active` bool NOT NULL, `date_joined` datetime NOT NULL); args=None
2016-05-20 08:24:31,564 [MainThread:140735127875584] [django.db.backends:89] [utils:execute] [DEBUG]- (0.044) SELECT engine FROM information_schema.tables WHERE table_name = 'auth_user'; args=[u'auth_user']
2016-05-20 08:24:31,565 [MainThread:140735127875584] [django.db.backends.schema:101] [schema:execute] [DEBUG]- CREATE TABLE `auth_user_groups` (`id` integer AUTO_INCREMENT NOT NULL PRIMARY KEY, `user_id` integer NOT NULL, `group_id` integer NOT NULL); (params None)
2016-05-20 08:24:31,664 [MainThread:140735127875584] [django.db.backends:89] [utils:execute] [DEBUG]- (0.099) CREATE TABLE `auth_user_groups` (`id` integer AUTO_INCREMENT NOT NULL PRIMARY KEY, `user_id` integer NOT NULL, `group_id` integer NOT NULL); args=None
2016-05-20 08:24:31,711 [MainThread:140735127875584] [django.db.backends:89] [utils:execute] [DEBUG]- (0.046) SELECT engine FROM information_schema.tables WHERE table_name = 'auth_user_groups'; args=[u'auth_user_groups']
2016-05-20 08:24:31,712 [MainThread:140735127875584] [django.db.backends.schema:101] [schema:execute] [DEBUG]- CREATE TABLE `auth_user_user_permissions` (`id` integer AUTO_INCREMENT NOT NULL PRIMARY KEY, `user_id` integer NOT NULL, `permission_id` integer NOT NULL); (params None)
2016-05-20 08:24:31,783 [MainThread:140735127875584] [django.db.backends:89] [utils:execute] [DEBUG]- (0.071) CREATE TABLE `auth_user_user_permissions` (`id` integer AUTO_INCREMENT NOT NULL PRIMARY KEY, `user_id` integer NOT NULL, `permission_id` integer NOT NULL); args=None
2016-05-20 08:24:31,828 [MainThread:140735127875584] [django.db.backends:89] [utils:execute] [DEBUG]- (0.044) SELECT engine FROM information_schema.tables WHERE table_name = 'auth_user_user_permissions'; args=[u'auth_user_user_permissions']
2016-05-20 08:24:31,828 [MainThread:140735127875584] [django.db.backends.schema:101] [schema:execute] [DEBUG]- ALTER TABLE `auth_permission` ADD CONSTRAINT `auth_permissi_content_type_id_2f476e4b_fk_django_content_type_id` FOREIGN KEY (`content_type_id`) REFERENCES `django_content_type` (`id`); (params [])
2016-05-20 08:24:31,936 [MainThread:140735127875584] [django.db.backends:89] [utils:execute] [DEBUG]- (0.107) ALTER TABLE `auth_permission` ADD CONSTRAINT `auth_permissi_content_type_id_2f476e4b_fk_django_content_type_id` FOREIGN KEY (`content_type_id`) REFERENCES `django_content_type` (`id`); args=[]
2016-05-20 08:24:31,936 [MainThread:140735127875584] [django.db.backends.schema:101] [schema:execute] [DEBUG]- ALTER TABLE `auth_permission` ADD CONSTRAINT `auth_permission_content_type_id_01ab375a_uniq` UNIQUE (`content_type_id`, `codename`); (params [])
2016-05-20 08:24:32,067 [MainThread:140735127875584] [django.db.backends:89] [utils:execute] [DEBUG]- (0.131) ALTER TABLE `auth_permission` ADD CONSTRAINT `auth_permission_content_type_id_01ab375a_uniq` UNIQUE (`content_type_id`, `codename`); args=[]
2016-05-20 08:24:32,068 [MainThread:140735127875584] [django.db.backends.schema:101] [schema:execute] [DEBUG]- CREATE INDEX `auth_permission_417f1b1c` ON `auth_permission` (`content_type_id`); (params [])
2016-05-20 08:24:32,188 [MainThread:140735127875584] [django.db.backends:89] [utils:execute] [DEBUG]- (0.120) CREATE INDEX `auth_permission_417f1b1c` ON `auth_permission` (`content_type_id`); args=[]
2016-05-20 08:24:32,189 [MainThread:140735127875584] [django.db.backends.schema:101] [schema:execute] [DEBUG]- ALTER TABLE `auth_group_permissions` ADD CONSTRAINT `auth_group_permissions_group_id_b120cbf9_fk_auth_group_id` FOREIGN KEY (`group_id`) REFERENCES `auth_group` (`id`); (params [])
2016-05-20 08:24:32,317 [MainThread:140735127875584] [django.db.backends:89] [utils:execute] [DEBUG]- (0.128) ALTER TABLE `auth_group_permissions` ADD CONSTRAINT `auth_group_permissions_group_id_b120cbf9_fk_auth_group_id` FOREIGN KEY (`group_id`) REFERENCES `auth_group` (`id`); args=[]
2016-05-20 08:24:32,318 [MainThread:140735127875584] [django.db.backends.schema:101] [schema:execute] [DEBUG]- ALTER TABLE `auth_group_permissions` ADD CONSTRAINT `auth_group_permissi_permission_id_84c5c92e_fk_auth_permission_id` FOREIGN KEY (`permission_id`) REFERENCES `auth_permission` (`id`); (params [])
2016-05-20 08:24:32,802 [MainThread:140735127875584] [django.db.backends:89] [utils:execute] [DEBUG]- (0.484) ALTER TABLE `auth_group_permissions` ADD CONSTRAINT `auth_group_permissi_permission_id_84c5c92e_fk_auth_permission_id` FOREIGN KEY (`permission_id`) REFERENCES `auth_permission` (`id`); args=[]
2016-05-20 08:24:32,802 [MainThread:140735127875584] [django.db.backends.schema:101] [schema:execute] [DEBUG]- ALTER TABLE `auth_group_permissions` ADD CONSTRAINT `auth_group_permissions_group_id_0cd325b0_uniq` UNIQUE (`group_id`, `permission_id`); (params [])
2016-05-20 08:24:32,923 [MainThread:140735127875584] [django.db.backends:89] [utils:execute] [DEBUG]- (0.121) ALTER TABLE `auth_group_permissions` ADD CONSTRAINT `auth_group_permissions_group_id_0cd325b0_uniq` UNIQUE (`group_id`, `permission_id`); args=[]
2016-05-20 08:24:32,923 [MainThread:140735127875584] [django.db.backends.schema:101] [schema:execute] [DEBUG]- CREATE INDEX `auth_group_permissions_0e939a4f` ON `auth_group_permissions` (`group_id`); (params [])
2016-05-20 08:24:33,043 [MainThread:140735127875584] [django.db.backends:89] [utils:execute] [DEBUG]- (0.119) CREATE INDEX `auth_group_permissions_0e939a4f` ON `auth_group_permissions` (`group_id`); args=[]
2016-05-20 08:24:33,043 [MainThread:140735127875584] [django.db.backends.schema:101] [schema:execute] [DEBUG]- CREATE INDEX `auth_group_permissions_8373b171` ON `auth_group_permissions` (`permission_id`); (params [])
2016-05-20 08:24:33,174 [MainThread:140735127875584] [django.db.backends:89] [utils:execute] [DEBUG]- (0.131) CREATE INDEX `auth_group_permissions_8373b171` ON `auth_group_permissions` (`permission_id`); args=[]
2016-05-20 08:24:33,175 [MainThread:140735127875584] [django.db.backends.schema:101] [schema:execute] [DEBUG]- ALTER TABLE `auth_user_groups` ADD CONSTRAINT `auth_user_groups_user_id_6a12ed8b_fk_auth_user_id` FOREIGN KEY (`user_id`) REFERENCES `auth_user` (`id`); (params [])
2016-05-20 08:24:33,311 [MainThread:140735127875584] [django.db.backends:89] [utils:execute] [DEBUG]- (0.136) ALTER TABLE `auth_user_groups` ADD CONSTRAINT `auth_user_groups_user_id_6a12ed8b_fk_auth_user_id` FOREIGN KEY (`user_id`) REFERENCES `auth_user` (`id`); args=[]
2016-05-20 08:24:33,312 [MainThread:140735127875584] [django.db.backends.schema:101] [schema:execute] [DEBUG]- ALTER TABLE `auth_user_groups` ADD CONSTRAINT `auth_user_groups_group_id_97559544_fk_auth_group_id` FOREIGN KEY (`group_id`) REFERENCES `auth_group` (`id`); (params [])
2016-05-20 08:24:33,439 [MainThread:140735127875584] [django.db.backends:89] [utils:execute] [DEBUG]- (0.127) ALTER TABLE `auth_user_groups` ADD CONSTRAINT `auth_user_groups_group_id_97559544_fk_auth_group_id` FOREIGN KEY (`group_id`) REFERENCES `auth_group` (`id`); args=[]
2016-05-20 08:24:33,439 [MainThread:140735127875584] [django.db.backends.schema:101] [schema:execute] [DEBUG]- ALTER TABLE `auth_user_groups` ADD CONSTRAINT `auth_user_groups_user_id_94350c0c_uniq` UNIQUE (`user_id`, `group_id`); (params [])
2016-05-20 08:24:33,566 [MainThread:140735127875584] [django.db.backends:89] [utils:execute] [DEBUG]- (0.127) ALTER TABLE `auth_user_groups` ADD CONSTRAINT `auth_user_groups_user_id_94350c0c_uniq` UNIQUE (`user_id`, `group_id`); args=[]
2016-05-20 08:24:33,567 [MainThread:140735127875584] [django.db.backends.schema:101] [schema:execute] [DEBUG]- CREATE INDEX `auth_user_groups_e8701ad4` ON `auth_user_groups` (`user_id`); (params [])
2016-05-20 08:24:33,693 [MainThread:140735127875584] [django.db.backends:89] [utils:execute] [DEBUG]- (0.127) CREATE INDEX `auth_user_groups_e8701ad4` ON `auth_user_groups` (`user_id`); args=[]
2016-05-20 08:24:33,694 [MainThread:140735127875584] [django.db.backends.schema:101] [schema:execute] [DEBUG]- CREATE INDEX `auth_user_groups_0e939a4f` ON `auth_user_groups` (`group_id`); (params [])
2016-05-20 08:24:33,823 [MainThread:140735127875584] [django.db.backends:89] [utils:execute] [DEBUG]- (0.128) CREATE INDEX `auth_user_groups_0e939a4f` ON `auth_user_groups` (`group_id`); args=[]
2016-05-20 08:24:33,823 [MainThread:140735127875584] [django.db.backends.schema:101] [schema:execute] [DEBUG]- ALTER TABLE `auth_user_user_permissions` ADD CONSTRAINT `auth_user_user_permissions_user_id_a95ead1b_fk_auth_user_id` FOREIGN KEY (`user_id`) REFERENCES `auth_user` (`id`); (params [])
2016-05-20 08:24:33,950 [MainThread:140735127875584] [django.db.backends:89] [utils:execute] [DEBUG]- (0.127) ALTER TABLE `auth_user_user_permissions` ADD CONSTRAINT `auth_user_user_permissions_user_id_a95ead1b_fk_auth_user_id` FOREIGN KEY (`user_id`) REFERENCES `auth_user` (`id`); args=[]
2016-05-20 08:24:33,951 [MainThread:140735127875584] [django.db.backends.schema:101] [schema:execute] [DEBUG]- ALTER TABLE `auth_user_user_permissions` ADD CONSTRAINT `auth_user_user_perm_permission_id_1fbb5f2c_fk_auth_permission_id` FOREIGN KEY (`permission_id`) REFERENCES `auth_permission` (`id`); (params [])
2016-05-20 08:24:34,074 [MainThread:140735127875584] [django.db.backends:89] [utils:execute] [DEBUG]- (0.123) ALTER TABLE `auth_user_user_permissions` ADD CONSTRAINT `auth_user_user_perm_permission_id_1fbb5f2c_fk_auth_permission_id` FOREIGN KEY (`permission_id`) REFERENCES `auth_permission` (`id`); args=[]
2016-05-20 08:24:34,075 [MainThread:140735127875584] [django.db.backends.schema:101] [schema:execute] [DEBUG]- ALTER TABLE `auth_user_user_permissions` ADD CONSTRAINT `auth_user_user_permissions_user_id_14a6b632_uniq` UNIQUE (`user_id`, `permission_id`); (params [])
2016-05-20 08:24:34,202 [MainThread:140735127875584] [django.db.backends:89] [utils:execute] [DEBUG]- (0.127) ALTER TABLE `auth_user_user_permissions` ADD CONSTRAINT `auth_user_user_permissions_user_id_14a6b632_uniq` UNIQUE (`user_id`, `permission_id`); args=[]
2016-05-20 08:24:34,202 [MainThread:140735127875584] [django.db.backends.schema:101] [schema:execute] [DEBUG]- CREATE INDEX `auth_user_user_permissions_e8701ad4` ON `auth_user_user_permissions` (`user_id`); (params [])
2016-05-20 08:24:34,323 [MainThread:140735127875584] [django.db.backends:89] [utils:execute] [DEBUG]- (0.121) CREATE INDEX `auth_user_user_permissions_e8701ad4` ON `auth_user_user_permissions` (`user_id`); args=[]
2016-05-20 08:24:34,323 [MainThread:140735127875584] [django.db.backends.schema:101] [schema:execute] [DEBUG]- CREATE INDEX `auth_user_user_permissions_8373b171` ON `auth_user_user_permissions` (`permission_id`); (params [])
2016-05-20 08:24:34,444 [MainThread:140735127875584] [django.db.backends:89] [utils:execute] [DEBUG]- (0.120) CREATE INDEX `auth_user_user_permissions_8373b171` ON `auth_user_user_permissions` (`permission_id`); args=[]
2016-05-20 08:24:34,792 [MainThread:140735127875584] [django.db.backends:89] [utils:execute] [DEBUG]- (0.348) SHOW FULL TABLES; args=None
2016-05-20 08:24:34,882 [MainThread:140735127875584] [django.db.backends:89] [utils:execute] [DEBUG]- (0.044) INSERT INTO `django_migrations` (`app`, `name`, `applied`) VALUES ('auth', '0001_initial', '2016-05-20 08:24:34'); args=['auth', u'0001_initial', u'2016-05-20 08:24:34']
2016-05-20 08:24:35,027 [MainThread:140735127875584] [django.db.backends.schema:101] [schema:execute] [DEBUG]- CREATE TABLE `django_admin_log` (`id` integer AUTO_INCREMENT NOT NULL PRIMARY KEY, `action_time` datetime NOT NULL, `object_id` longtext NULL, `object_repr` varchar(200) NOT NULL, `action_flag` smallint UNSIGNED NOT NULL, `change_message` longtext NOT NULL, `content_type_id` integer NULL, `user_id` integer NOT NULL); (params None)
2016-05-20 08:24:35,102 [MainThread:140735127875584] [django.db.backends:89] [utils:execute] [DEBUG]- (0.075) CREATE TABLE `django_admin_log` (`id` integer AUTO_INCREMENT NOT NULL PRIMARY KEY, `action_time` datetime NOT NULL, `object_id` longtext NULL, `object_repr` varchar(200) NOT NULL, `action_flag` smallint UNSIGNED NOT NULL, `change_message` longtext NOT NULL, `content_type_id` integer NULL, `user_id` integer NOT NULL); args=None
2016-05-20 08:24:35,147 [MainThread:140735127875584] [django.db.backends:89] [utils:execute] [DEBUG]- (0.044) SELECT engine FROM information_schema.tables WHERE table_name = 'django_admin_log'; args=[u'django_admin_log']
2016-05-20 08:24:35,148 [MainThread:140735127875584] [django.db.backends.schema:101] [schema:execute] [DEBUG]- ALTER TABLE `django_admin_log` ADD CONSTRAINT `django_admin__content_type_id_c4bce8eb_fk_django_content_type_id` FOREIGN KEY (`content_type_id`) REFERENCES `django_content_type` (`id`); (params [])
2016-05-20 08:24:35,275 [MainThread:140735127875584] [django.db.backends:89] [utils:execute] [DEBUG]- (0.127) ALTER TABLE `django_admin_log` ADD CONSTRAINT `django_admin__content_type_id_c4bce8eb_fk_django_content_type_id` FOREIGN KEY (`content_type_id`) REFERENCES `django_content_type` (`id`); args=[]
2016-05-20 08:24:35,275 [MainThread:140735127875584] [django.db.backends.schema:101] [schema:execute] [DEBUG]- ALTER TABLE `django_admin_log` ADD CONSTRAINT `django_admin_log_user_id_c564eba6_fk_auth_user_id` FOREIGN KEY (`user_id`) REFERENCES `auth_user` (`id`); (params [])
2016-05-20 08:24:35,840 [MainThread:140735127875584] [django.db.backends:89] [utils:execute] [DEBUG]- (0.564) ALTER TABLE `django_admin_log` ADD CONSTRAINT `django_admin_log_user_id_c564eba6_fk_auth_user_id` FOREIGN KEY (`user_id`) REFERENCES `auth_user` (`id`); args=[]
2016-05-20 08:24:35,840 [MainThread:140735127875584] [django.db.backends.schema:101] [schema:execute] [DEBUG]- CREATE INDEX `django_admin_log_417f1b1c` ON `django_admin_log` (`content_type_id`); (params [])
2016-05-20 08:24:35,964 [MainThread:140735127875584] [django.db.backends:89] [utils:execute] [DEBUG]- (0.124) CREATE INDEX `django_admin_log_417f1b1c` ON `django_admin_log` (`content_type_id`); args=[]
2016-05-20 08:24:35,965 [MainThread:140735127875584] [django.db.backends.schema:101] [schema:execute] [DEBUG]- CREATE INDEX `django_admin_log_e8701ad4` ON `django_admin_log` (`user_id`); (params [])
2016-05-20 08:24:36,082 [MainThread:140735127875584] [django.db.backends:89] [utils:execute] [DEBUG]- (0.117) CREATE INDEX `django_admin_log_e8701ad4` ON `django_admin_log` (`user_id`); args=[]
2016-05-20 08:24:36,130 [MainThread:140735127875584] [django.db.backends:89] [utils:execute] [DEBUG]- (0.048) SHOW FULL TABLES; args=None
2016-05-20 08:24:36,218 [MainThread:140735127875584] [django.db.backends:89] [utils:execute] [DEBUG]- (0.044) INSERT INTO `django_migrations` (`app`, `name`, `applied`) VALUES ('admin', '0001_initial', '2016-05-20 08:24:36'); args=['admin', u'0001_initial', u'2016-05-20 08:24:36']
2016-05-20 08:24:36,321 [MainThread:140735127875584] [django.db.backends.schema:101] [schema:execute] [DEBUG]- ALTER TABLE `django_admin_log` ALTER COLUMN `action_time` SET DEFAULT %s; (params [u'2016-05-20 08:24:36'])
2016-05-20 08:24:36,853 [MainThread:140735127875584] [django.db.backends:89] [utils:execute] [DEBUG]- (0.532) ALTER TABLE `django_admin_log` ALTER COLUMN `action_time` SET DEFAULT '2016-05-20 08:24:36'; args=[u'2016-05-20 08:24:36']
2016-05-20 08:24:36,853 [MainThread:140735127875584] [django.db.backends.schema:101] [schema:execute] [DEBUG]- ALTER TABLE `django_admin_log` ALTER COLUMN `action_time` DROP DEFAULT; (params [])
2016-05-20 08:24:36,936 [MainThread:140735127875584] [django.db.backends:89] [utils:execute] [DEBUG]- (0.083) ALTER TABLE `django_admin_log` ALTER COLUMN `action_time` DROP DEFAULT; args=[]
2016-05-20 08:24:36,985 [MainThread:140735127875584] [django.db.backends:89] [utils:execute] [DEBUG]- (0.048) SHOW FULL TABLES; args=None
2016-05-20 08:24:37,074 [MainThread:140735127875584] [django.db.backends:89] [utils:execute] [DEBUG]- (0.044) INSERT INTO `django_migrations` (`app`, `name`, `applied`) VALUES ('admin', '0002_logentry_remove_auto_add', '2016-05-20 08:24:36'); args=['admin', u'0002_logentry_remove_auto_add', u'2016-05-20 08:24:36']
2016-05-20 08:24:37,189 [MainThread:140735127875584] [django.db.backends.schema:101] [schema:execute] [DEBUG]- ALTER TABLE `django_content_type` MODIFY `name` varchar(100) NULL; (params [])
2016-05-20 08:24:37,311 [MainThread:140735127875584] [django.db.backends:89] [utils:execute] [DEBUG]- (0.121) ALTER TABLE `django_content_type` MODIFY `name` varchar(100) NULL; args=[]
2016-05-20 08:24:37,787 [MainThread:140735127875584] [django.db.backends.schema:101] [schema:execute] [DEBUG]- ALTER TABLE `django_content_type` DROP COLUMN `name` CASCADE; (params [])
2016-05-20 08:24:37,911 [MainThread:140735127875584] [django.db.backends:89] [utils:execute] [DEBUG]- (0.123) ALTER TABLE `django_content_type` DROP COLUMN `name` CASCADE; args=[]
2016-05-20 08:24:37,956 [MainThread:140735127875584] [django.db.backends:89] [utils:execute] [DEBUG]- (0.045) SHOW FULL TABLES; args=None
2016-05-20 08:24:38,046 [MainThread:140735127875584] [django.db.backends:89] [utils:execute] [DEBUG]- (0.044) INSERT INTO `django_migrations` (`app`, `name`, `applied`) VALUES ('contenttypes', '0002_remove_content_type_name', '2016-05-20 08:24:37'); args=['contenttypes', u'0002_remove_content_type_name', u'2016-05-20 08:24:37']
2016-05-20 08:24:38,146 [MainThread:140735127875584] [django.db.backends.schema:101] [schema:execute] [DEBUG]- ALTER TABLE `auth_permission` MODIFY `name` varchar(255) NOT NULL; (params [])
2016-05-20 08:24:38,271 [MainThread:140735127875584] [django.db.backends:89] [utils:execute] [DEBUG]- (0.124) ALTER TABLE `auth_permission` MODIFY `name` varchar(255) NOT NULL; args=[]
2016-05-20 08:24:38,316 [MainThread:140735127875584] [django.db.backends:89] [utils:execute] [DEBUG]- (0.045) SHOW FULL TABLES; args=None
2016-05-20 08:24:38,406 [MainThread:140735127875584] [django.db.backends:89] [utils:execute] [DEBUG]- (0.043) INSERT INTO `django_migrations` (`app`, `name`, `applied`) VALUES ('auth', '0002_alter_permission_name_max_length', '2016-05-20 08:24:38'); args=['auth', u'0002_alter_permission_name_max_length', u'2016-05-20 08:24:38']
2016-05-20 08:24:38,508 [MainThread:140735127875584] [django.db.backends.schema:101] [schema:execute] [DEBUG]- ALTER TABLE `auth_user` MODIFY `email` varchar(254) NOT NULL; (params [])
2016-05-20 08:24:38,632 [MainThread:140735127875584] [django.db.backends:89] [utils:execute] [DEBUG]- (0.124) ALTER TABLE `auth_user` MODIFY `email` varchar(254) NOT NULL; args=[]
2016-05-20 08:24:38,680 [MainThread:140735127875584] [django.db.backends:89] [utils:execute] [DEBUG]- (0.048) SHOW FULL TABLES; args=None
2016-05-20 08:24:38,770 [MainThread:140735127875584] [django.db.backends:89] [utils:execute] [DEBUG]- (0.044) INSERT INTO `django_migrations` (`app`, `name`, `applied`) VALUES ('auth', '0003_alter_user_email_max_length', '2016-05-20 08:24:38'); args=['auth', u'0003_alter_user_email_max_length', u'2016-05-20 08:24:38']
2016-05-20 08:24:39,221 [MainThread:140735127875584] [django.db.backends:89] [utils:execute] [DEBUG]- (0.353) SHOW FULL TABLES; args=None
2016-05-20 08:24:39,730 [MainThread:140735127875584] [django.db.backends:89] [utils:execute] [DEBUG]- (0.464) INSERT INTO `django_migrations` (`app`, `name`, `applied`) VALUES ('auth', '0004_alter_user_username_opts', '2016-05-20 08:24:39'); args=['auth', u'0004_alter_user_username_opts', u'2016-05-20 08:24:39']
2016-05-20 08:24:39,830 [MainThread:140735127875584] [django.db.backends.schema:101] [schema:execute] [DEBUG]- ALTER TABLE `auth_user` MODIFY `last_login` datetime NULL; (params [])
2016-05-20 08:24:39,951 [MainThread:140735127875584] [django.db.backends:89] [utils:execute] [DEBUG]- (0.121) ALTER TABLE `auth_user` MODIFY `last_login` datetime NULL; args=[]
2016-05-20 08:24:39,997 [MainThread:140735127875584] [django.db.backends:89] [utils:execute] [DEBUG]- (0.045) SHOW FULL TABLES; args=None
2016-05-20 08:24:40,386 [MainThread:140735127875584] [django.db.backends:89] [utils:execute] [DEBUG]- (0.344) INSERT INTO `django_migrations` (`app`, `name`, `applied`) VALUES ('auth', '0005_alter_user_last_login_null', '2016-05-20 08:24:39'); args=['auth', u'0005_alter_user_last_login_null', u'2016-05-20 08:24:39']
2016-05-20 08:24:40,519 [MainThread:140735127875584] [django.db.backends:89] [utils:execute] [DEBUG]- (0.045) SHOW FULL TABLES; args=None
2016-05-20 08:24:40,606 [MainThread:140735127875584] [django.db.backends:89] [utils:execute] [DEBUG]- (0.043) INSERT INTO `django_migrations` (`app`, `name`, `applied`) VALUES ('auth', '0006_require_contenttypes_0002', '2016-05-20 08:24:40'); args=['auth', u'0006_require_contenttypes_0002', u'2016-05-20 08:24:40']
2016-05-20 08:24:40,752 [MainThread:140735127875584] [django.db.backends:89] [utils:execute] [DEBUG]- (0.045) SHOW FULL TABLES; args=None
2016-05-20 08:24:40,842 [MainThread:140735127875584] [django.db.backends:89] [utils:execute] [DEBUG]- (0.044) INSERT INTO `django_migrations` (`app`, `name`, `applied`) VALUES ('auth', '0007_alter_validators_add_error_messages', '2016-05-20 08:24:40'); args=['auth', u'0007_alter_validators_add_error_messages', u'2016-05-20 08:24:40']
2016-05-20 08:24:40,934 [MainThread:140735127875584] [django.db.backends.schema:101] [schema:execute] [DEBUG]- CREATE TABLE `django_session` (`session_key` varchar(40) NOT NULL PRIMARY KEY, `session_data` longtext NOT NULL, `expire_date` datetime NOT NULL); (params None)
2016-05-20 08:24:41,021 [MainThread:140735127875584] [django.db.backends:89] [utils:execute] [DEBUG]- (0.087) CREATE TABLE `django_session` (`session_key` varchar(40) NOT NULL PRIMARY KEY, `session_data` longtext NOT NULL, `expire_date` datetime NOT NULL); args=None
2016-05-20 08:24:41,235 [MainThread:140735127875584] [django.db.backends:89] [utils:execute] [DEBUG]- (0.213) SELECT engine FROM information_schema.tables WHERE table_name = 'django_session'; args=[u'django_session']
2016-05-20 08:24:41,235 [MainThread:140735127875584] [django.db.backends.schema:101] [schema:execute] [DEBUG]- CREATE INDEX `django_session_de54fa62` ON `django_session` (`expire_date`); (params [])
2016-05-20 08:24:41,367 [MainThread:140735127875584] [django.db.backends:89] [utils:execute] [DEBUG]- (0.131) CREATE INDEX `django_session_de54fa62` ON `django_session` (`expire_date`); args=[]
2016-05-20 08:24:41,413 [MainThread:140735127875584] [django.db.backends:89] [utils:execute] [DEBUG]- (0.046) SHOW FULL TABLES; args=None
2016-05-20 08:24:41,731 [MainThread:140735127875584] [django.db.backends:89] [utils:execute] [DEBUG]- (0.273) INSERT INTO `django_migrations` (`app`, `name`, `applied`) VALUES ('sessions', '0001_initial', '2016-05-20 08:24:41'); args=['sessions', u'0001_initial', u'2016-05-20 08:24:41']
2016-05-20 08:24:42,030 [MainThread:140735127875584] [django.db.backends.schema:101] [schema:execute] [DEBUG]- CREATE TABLE `website_ipinfo` (`id` integer AUTO_INCREMENT NOT NULL PRIMARY KEY, `worknameid` integer NOT NULL, `IP` char(39) NOT NULL); (params None)
2016-05-20 08:24:42,295 [MainThread:140735127875584] [django.db.backends:89] [utils:execute] [DEBUG]- (0.265) CREATE TABLE `website_ipinfo` (`id` integer AUTO_INCREMENT NOT NULL PRIMARY KEY, `worknameid` integer NOT NULL, `IP` char(39) NOT NULL); args=None
2016-05-20 08:24:42,339 [MainThread:140735127875584] [django.db.backends:89] [utils:execute] [DEBUG]- (0.044) SELECT engine FROM information_schema.tables WHERE table_name = 'website_ipinfo'; args=[u'website_ipinfo']
2016-05-20 08:24:42,343 [MainThread:140735127875584] [django.db.backends.schema:101] [schema:execute] [DEBUG]- CREATE TABLE `website_siteinfo` (`id` integer AUTO_INCREMENT NOT NULL PRIMARY KEY, `SiteName` varchar(200) NOT NULL); (params None)
2016-05-20 08:24:42,421 [MainThread:140735127875584] [django.db.backends:89] [utils:execute] [DEBUG]- (0.077) CREATE TABLE `website_siteinfo` (`id` integer AUTO_INCREMENT NOT NULL PRIMARY KEY, `SiteName` varchar(200) NOT NULL); args=None
2016-05-20 08:24:42,668 [MainThread:140735127875584] [django.db.backends:89] [utils:execute] [DEBUG]- (0.246) SELECT engine FROM information_schema.tables WHERE table_name = 'website_siteinfo'; args=[u'website_siteinfo']
2016-05-20 08:24:42,673 [MainThread:140735127875584] [django.db.backends.schema:101] [schema:execute] [DEBUG]- CREATE TABLE `website_userinfo` (`id` integer AUTO_INCREMENT NOT NULL PRIMARY KEY, `username` varchar(50) NOT NULL, `password` varchar(50) NOT NULL, `work` varchar(50) NOT NULL, `CreateDate` date NOT NULL, `Logintime` datetime NOT NULL, `LoginIP` varchar(16) NOT NULL, `Super` integer NOT NULL); (params None)
2016-05-20 08:24:42,747 [MainThread:140735127875584] [django.db.backends:89] [utils:execute] [DEBUG]- (0.075) CREATE TABLE `website_userinfo` (`id` integer AUTO_INCREMENT NOT NULL PRIMARY KEY, `username` varchar(50) NOT NULL, `password` varchar(50) NOT NULL, `work` varchar(50) NOT NULL, `CreateDate` date NOT NULL, `Logintime` datetime NOT NULL, `LoginIP` varchar(16) NOT NULL, `Super` integer NOT NULL); args=None
2016-05-20 08:24:42,792 [MainThread:140735127875584] [django.db.backends:89] [utils:execute] [DEBUG]- (0.044) SELECT engine FROM information_schema.tables WHERE table_name = 'website_userinfo'; args=[u'website_userinfo']
2016-05-20 08:24:42,796 [MainThread:140735127875584] [django.db.backends.schema:101] [schema:execute] [DEBUG]- CREATE TABLE `website_usersuper` (`id` integer AUTO_INCREMENT NOT NULL PRIMARY KEY, `supername` varchar(50) NOT NULL); (params None)
2016-05-20 08:24:42,871 [MainThread:140735127875584] [django.db.backends:89] [utils:execute] [DEBUG]- (0.075) CREATE TABLE `website_usersuper` (`id` integer AUTO_INCREMENT NOT NULL PRIMARY KEY, `supername` varchar(50) NOT NULL); args=None
2016-05-20 08:24:42,915 [MainThread:140735127875584] [django.db.backends:89] [utils:execute] [DEBUG]- (0.044) SELECT engine FROM information_schema.tables WHERE table_name = 'website_usersuper'; args=[u'website_usersuper']
2016-05-20 08:24:42,919 [MainThread:140735127875584] [django.db.backends.schema:101] [schema:execute] [DEBUG]- CREATE TABLE `website_work` (`id` integer AUTO_INCREMENT NOT NULL PRIMARY KEY, `work` varchar(50) NOT NULL); (params None)
2016-05-20 08:24:42,991 [MainThread:140735127875584] [django.db.backends:89] [utils:execute] [DEBUG]- (0.072) CREATE TABLE `website_work` (`id` integer AUTO_INCREMENT NOT NULL PRIMARY KEY, `work` varchar(50) NOT NULL); args=None
2016-05-20 08:24:43,036 [MainThread:140735127875584] [django.db.backends:89] [utils:execute] [DEBUG]- (0.044) SELECT engine FROM information_schema.tables WHERE table_name = 'website_work'; args=[u'website_work']
2016-05-20 08:24:43,085 [MainThread:140735127875584] [django.db.backends:89] [utils:execute] [DEBUG]- (0.049) SHOW FULL TABLES; args=None
2016-05-20 08:24:43,174 [MainThread:140735127875584] [django.db.backends:89] [utils:execute] [DEBUG]- (0.044) INSERT INTO `django_migrations` (`app`, `name`, `applied`) VALUES ('website', '0001_initial', '2016-05-20 08:24:43'); args=['website', u'0001_initial', u'2016-05-20 08:24:43']
2016-05-20 08:24:43,310 [MainThread:140735127875584] [django.db.backends:89] [utils:execute] [DEBUG]- (0.048) SHOW FULL TABLES; args=None
2016-05-20 08:24:43,490 [MainThread:140735127875584] [django.db.backends:89] [utils:execute] [DEBUG]- (0.179) SELECT `django_migrations`.`app`, `django_migrations`.`name` FROM `django_migrations`; args=()
2016-05-20 08:24:43,536 [MainThread:140735127875584] [django.db.backends:89] [utils:execute] [DEBUG]- (0.045) SELECT `django_content_type`.`id`, `django_content_type`.`app_label`, `django_content_type`.`model` FROM `django_content_type` WHERE (`django_content_type`.`model` = 'logentry' AND `django_content_type`.`app_label` = 'admin'); args=('logentry', 'admin')
2016-05-20 08:24:43,583 [MainThread:140735127875584] [django.db.backends:89] [utils:execute] [DEBUG]- (0.045) SELECT `django_content_type`.`id`, `django_content_type`.`app_label`, `django_content_type`.`model` FROM `django_content_type` WHERE (`django_content_type`.`model` = 'logentry' AND `django_content_type`.`app_label` = 'admin'); args=('logentry', 'admin')
2016-05-20 08:24:43,670 [MainThread:140735127875584] [django.db.backends:89] [utils:execute] [DEBUG]- (0.044) INSERT INTO `django_content_type` (`app_label`, `model`) VALUES ('admin', 'logentry'); args=['admin', 'logentry']
2016-05-20 08:24:43,884 [MainThread:140735127875584] [django.db.backends:89] [utils:execute] [DEBUG]- (0.045) SELECT `auth_permission`.`content_type_id`, `auth_permission`.`codename` FROM `auth_permission` INNER JOIN `django_content_type` ON (`auth_permission`.`content_type_id` = `django_content_type`.`id`) WHERE `auth_permission`.`content_type_id` IN (1) ORDER BY `django_content_type`.`app_label` ASC, `django_content_type`.`model` ASC, `auth_permission`.`codename` ASC; args=(1,)
2016-05-20 08:24:43,974 [MainThread:140735127875584] [django.db.backends:89] [utils:execute] [DEBUG]- (0.044) INSERT INTO `auth_permission` (`name`, `content_type_id`, `codename`) VALUES ('Can add log entry', 1, 'add_logentry'), ('Can change log entry', 1, 'change_logentry'), ('Can delete log entry', 1, 'delete_logentry'); args=(u'Can add log entry', 1, u'add_logentry', u'Can change log entry', 1, u'change_logentry', u'Can delete log entry', 1, u'delete_logentry')
2016-05-20 08:24:44,106 [MainThread:140735127875584] [django.db.backends:89] [utils:execute] [DEBUG]- (0.044) SELECT `django_content_type`.`id`, `django_content_type`.`app_label`, `django_content_type`.`model` FROM `django_content_type` WHERE `django_content_type`.`app_label` = 'admin'; args=('admin',)
2016-05-20 08:24:44,153 [MainThread:140735127875584] [django.db.backends:89] [utils:execute] [DEBUG]- (0.044) SELECT `django_content_type`.`id`, `django_content_type`.`app_label`, `django_content_type`.`model` FROM `django_content_type` WHERE (`django_content_type`.`model` = 'permission' AND `django_content_type`.`app_label` = 'auth'); args=('permission', 'auth')
2016-05-20 08:24:44,288 [MainThread:140735127875584] [django.db.backends:89] [utils:execute] [DEBUG]- (0.134) SELECT `django_content_type`.`id`, `django_content_type`.`app_label`, `django_content_type`.`model` FROM `django_content_type` WHERE (`django_content_type`.`model` = 'permission' AND `django_content_type`.`app_label` = 'auth'); args=('permission', 'auth')
2016-05-20 08:24:44,378 [MainThread:140735127875584] [django.db.backends:89] [utils:execute] [DEBUG]- (0.044) INSERT INTO `django_content_type` (`app_label`, `model`) VALUES ('auth', 'permission'); args=['auth', 'permission']
2016-05-20 08:24:44,511 [MainThread:140735127875584] [django.db.backends:89] [utils:execute] [DEBUG]- (0.044) SELECT `django_content_type`.`id`, `django_content_type`.`app_label`, `django_content_type`.`model` FROM `django_content_type` WHERE (`django_content_type`.`model` = 'group' AND `django_content_type`.`app_label` = 'auth'); args=('group', 'auth')
2016-05-20 08:24:44,556 [MainThread:140735127875584] [django.db.backends:89] [utils:execute] [DEBUG]- (0.044) SELECT `django_content_type`.`id`, `django_content_type`.`app_label`, `django_content_type`.`model` FROM `django_content_type` WHERE (`django_content_type`.`model` = 'group' AND `django_content_type`.`app_label` = 'auth'); args=('group', 'auth')
2016-05-20 08:24:44,895 [MainThread:140735127875584] [django.db.backends:89] [utils:execute] [DEBUG]- (0.293) INSERT INTO `django_content_type` (`app_label`, `model`) VALUES ('auth', 'group'); args=['auth', 'group']
2016-05-20 08:24:45,199 [MainThread:140735127875584] [django.db.backends:89] [utils:execute] [DEBUG]- (0.130) SELECT `django_content_type`.`id`, `django_content_type`.`app_label`, `django_content_type`.`model` FROM `django_content_type` WHERE (`django_content_type`.`model` = 'user' AND `django_content_type`.`app_label` = 'auth'); args=('user', 'auth')
2016-05-20 08:24:45,244 [MainThread:140735127875584] [django.db.backends:89] [utils:execute] [DEBUG]- (0.044) SELECT `django_content_type`.`id`, `django_content_type`.`app_label`, `django_content_type`.`model` FROM `django_content_type` WHERE (`django_content_type`.`model` = 'user' AND `django_content_type`.`app_label` = 'auth'); args=('user', 'auth')
2016-05-20 08:24:45,418 [MainThread:140735127875584] [django.db.backends:89] [utils:execute] [DEBUG]- (0.044) INSERT INTO `django_content_type` (`app_label`, `model`) VALUES ('auth', 'user'); args=['auth', 'user']
2016-05-20 08:24:45,844 [MainThread:140735127875584] [django.db.backends:89] [utils:execute] [DEBUG]- (0.337) SELECT `auth_permission`.`content_type_id`, `auth_permission`.`codename` FROM `auth_permission` INNER JOIN `django_content_type` ON (`auth_permission`.`content_type_id` = `django_content_type`.`id`) WHERE `auth_permission`.`content_type_id` IN (2, 3, 4) ORDER BY `django_content_type`.`app_label` ASC, `django_content_type`.`model` ASC, `auth_permission`.`codename` ASC; args=(2, 3, 4)
2016-05-20 08:24:45,935 [MainThread:140735127875584] [django.db.backends:89] [utils:execute] [DEBUG]- (0.044) INSERT INTO `auth_permission` (`name`, `content_type_id`, `codename`) VALUES ('Can add permission', 2, 'add_permission'), ('Can change permission', 2, 'change_permission'), ('Can delete permission', 2, 'delete_permission'), ('Can add group', 3, 'add_group'), ('Can change group', 3, 'change_group'), ('Can delete group', 3, 'delete_group'), ('Can add user', 4, 'add_user'), ('Can change user', 4, 'change_user'), ('Can delete user', 4, 'delete_user'); args=(u'Can add permission', 2, u'add_permission', u'Can change permission', 2, u'change_permission', u'Can delete permission', 2, u'delete_permission', u'Can add group', 3, u'add_group', u'Can change group', 3, u'change_group', u'Can delete group', 3, u'delete_group', u'Can add user', 4, u'add_user', u'Can change user', 4, u'change_user', u'Can delete user', 4, u'delete_user')
2016-05-20 08:24:46,067 [MainThread:140735127875584] [django.db.backends:89] [utils:execute] [DEBUG]- (0.044) SELECT `django_content_type`.`id`, `django_content_type`.`app_label`, `django_content_type`.`model` FROM `django_content_type` WHERE `django_content_type`.`app_label` = 'auth'; args=('auth',)
2016-05-20 08:24:46,112 [MainThread:140735127875584] [django.db.backends:89] [utils:execute] [DEBUG]- (0.044) SELECT `django_content_type`.`id`, `django_content_type`.`app_label`, `django_content_type`.`model` FROM `django_content_type` WHERE (`django_content_type`.`model` = 'contenttype' AND `django_content_type`.`app_label` = 'contenttypes'); args=('contenttype', 'contenttypes')
2016-05-20 08:24:46,159 [MainThread:140735127875584] [django.db.backends:89] [utils:execute] [DEBUG]- (0.046) SELECT `django_content_type`.`id`, `django_content_type`.`app_label`, `django_content_type`.`model` FROM `django_content_type` WHERE (`django_content_type`.`model` = 'contenttype' AND `django_content_type`.`app_label` = 'contenttypes'); args=('contenttype', 'contenttypes')
2016-05-20 08:24:46,246 [MainThread:140735127875584] [django.db.backends:89] [utils:execute] [DEBUG]- (0.044) INSERT INTO `django_content_type` (`app_label`, `model`) VALUES ('contenttypes', 'contenttype'); args=['contenttypes', 'contenttype']
2016-05-20 08:24:46,379 [MainThread:140735127875584] [django.db.backends:89] [utils:execute] [DEBUG]- (0.044) SELECT `auth_permission`.`content_type_id`, `auth_permission`.`codename` FROM `auth_permission` INNER JOIN `django_content_type` ON (`auth_permission`.`content_type_id` = `django_content_type`.`id`) WHERE `auth_permission`.`content_type_id` IN (5) ORDER BY `django_content_type`.`app_label` ASC, `django_content_type`.`model` ASC, `auth_permission`.`codename` ASC; args=(5,)
2016-05-20 08:24:46,466 [MainThread:140735127875584] [django.db.backends:89] [utils:execute] [DEBUG]- (0.044) INSERT INTO `auth_permission` (`name`, `content_type_id`, `codename`) VALUES ('Can add content type', 5, 'add_contenttype'), ('Can change content type', 5, 'change_contenttype'), ('Can delete content type', 5, 'delete_contenttype'); args=(u'Can add content type', 5, u'add_contenttype', u'Can change content type', 5, u'change_contenttype', u'Can delete content type', 5, u'delete_contenttype')
2016-05-20 08:24:46,599 [MainThread:140735127875584] [django.db.backends:89] [utils:execute] [DEBUG]- (0.044) SELECT `django_content_type`.`id`, `django_content_type`.`app_label`, `django_content_type`.`model` FROM `django_content_type` WHERE `django_content_type`.`app_label` = 'contenttypes'; args=('contenttypes',)
2016-05-20 08:24:46,644 [MainThread:140735127875584] [django.db.backends:89] [utils:execute] [DEBUG]- (0.044) SELECT `django_content_type`.`id`, `django_content_type`.`app_label`, `django_content_type`.`model` FROM `django_content_type` WHERE (`django_content_type`.`model` = 'session' AND `django_content_type`.`app_label` = 'sessions'); args=('session', 'sessions')
2016-05-20 08:24:46,690 [MainThread:140735127875584] [django.db.backends:89] [utils:execute] [DEBUG]- (0.045) SELECT `django_content_type`.`id`, `django_content_type`.`app_label`, `django_content_type`.`model` FROM `django_content_type` WHERE (`django_content_type`.`model` = 'session' AND `django_content_type`.`app_label` = 'sessions'); args=('session', 'sessions')
2016-05-20 08:24:46,778 [MainThread:140735127875584] [django.db.backends:89] [utils:execute] [DEBUG]- (0.044) INSERT INTO `django_content_type` (`app_label`, `model`) VALUES ('sessions', 'session'); args=['sessions', 'session']
2016-05-20 08:24:46,913 [MainThread:140735127875584] [django.db.backends:89] [utils:execute] [DEBUG]- (0.047) SELECT `auth_permission`.`content_type_id`, `auth_permission`.`codename` FROM `auth_permission` INNER JOIN `django_content_type` ON (`auth_permission`.`content_type_id` = `django_content_type`.`id`) WHERE `auth_permission`.`content_type_id` IN (6) ORDER BY `django_content_type`.`app_label` ASC, `django_content_type`.`model` ASC, `auth_permission`.`codename` ASC; args=(6,)
2016-05-20 08:24:47,002 [MainThread:140735127875584] [django.db.backends:89] [utils:execute] [DEBUG]- (0.044) INSERT INTO `auth_permission` (`name`, `content_type_id`, `codename`) VALUES ('Can add session', 6, 'add_session'), ('Can change session', 6, 'change_session'), ('Can delete session', 6, 'delete_session'); args=(u'Can add session', 6, u'add_session', u'Can change session', 6, u'change_session', u'Can delete session', 6, u'delete_session')
2016-05-20 08:24:47,219 [MainThread:140735127875584] [django.db.backends:89] [utils:execute] [DEBUG]- (0.044) SELECT `django_content_type`.`id`, `django_content_type`.`app_label`, `django_content_type`.`model` FROM `django_content_type` WHERE `django_content_type`.`app_label` = 'sessions'; args=('sessions',)
2016-05-20 08:24:47,264 [MainThread:140735127875584] [django.db.backends:89] [utils:execute] [DEBUG]- (0.044) SELECT `django_content_type`.`id`, `django_content_type`.`app_label`, `django_content_type`.`model` FROM `django_content_type` WHERE (`django_content_type`.`model` = 'siteinfo' AND `django_content_type`.`app_label` = 'website'); args=('siteinfo', 'website')
2016-05-20 08:24:47,311 [MainThread:140735127875584] [django.db.backends:89] [utils:execute] [DEBUG]- (0.045) SELECT `django_content_type`.`id`, `django_content_type`.`app_label`, `django_content_type`.`model` FROM `django_content_type` WHERE (`django_content_type`.`model` = 'siteinfo' AND `django_content_type`.`app_label` = 'website'); args=('siteinfo', 'website')
2016-05-20 08:24:47,398 [MainThread:140735127875584] [django.db.backends:89] [utils:execute] [DEBUG]- (0.044) INSERT INTO `django_content_type` (`app_label`, `model`) VALUES ('website', 'siteinfo'); args=['website', 'siteinfo']
2016-05-20 08:24:47,616 [MainThread:140735127875584] [django.db.backends:89] [utils:execute] [DEBUG]- (0.130) SELECT `django_content_type`.`id`, `django_content_type`.`app_label`, `django_content_type`.`model` FROM `django_content_type` WHERE (`django_content_type`.`model` = 'userinfo' AND `django_content_type`.`app_label` = 'website'); args=('userinfo', 'website')
2016-05-20 08:24:47,908 [MainThread:140735127875584] [django.db.backends:89] [utils:execute] [DEBUG]- (0.290) SELECT `django_content_type`.`id`, `django_content_type`.`app_label`, `django_content_type`.`model` FROM `django_content_type` WHERE (`django_content_type`.`model` = 'userinfo' AND `django_content_type`.`app_label` = 'website'); args=('userinfo', 'website')
2016-05-20 08:24:47,997 [MainThread:140735127875584] [django.db.backends:89] [utils:execute] [DEBUG]- (0.043) INSERT INTO `django_content_type` (`app_label`, `model`) VALUES ('website', 'userinfo'); args=['website', 'userinfo']
2016-05-20 08:24:48,130 [MainThread:140735127875584] [django.db.backends:89] [utils:execute] [DEBUG]- (0.044) SELECT `django_content_type`.`id`, `django_content_type`.`app_label`, `django_content_type`.`model` FROM `django_content_type` WHERE (`django_content_type`.`model` = 'usersuper' AND `django_content_type`.`app_label` = 'website'); args=('usersuper', 'website')
2016-05-20 08:24:48,175 [MainThread:140735127875584] [django.db.backends:89] [utils:execute] [DEBUG]- (0.043) SELECT `django_content_type`.`id`, `django_content_type`.`app_label`, `django_content_type`.`model` FROM `django_content_type` WHERE (`django_content_type`.`model` = 'usersuper' AND `django_content_type`.`app_label` = 'website'); args=('usersuper', 'website')
2016-05-20 08:24:48,262 [MainThread:140735127875584] [django.db.backends:89] [utils:execute] [DEBUG]- (0.044) INSERT INTO `django_content_type` (`app_label`, `model`) VALUES ('website', 'usersuper'); args=['website', 'usersuper']
2016-05-20 08:24:48,394 [MainThread:140735127875584] [django.db.backends:89] [utils:execute] [DEBUG]- (0.044) SELECT `django_content_type`.`id`, `django_content_type`.`app_label`, `django_content_type`.`model` FROM `django_content_type` WHERE (`django_content_type`.`model` = 'work' AND `django_content_type`.`app_label` = 'website'); args=('work', 'website')
2016-05-20 08:24:48,439 [MainThread:140735127875584] [django.db.backends:89] [utils:execute] [DEBUG]- (0.043) SELECT `django_content_type`.`id`, `django_content_type`.`app_label`, `django_content_type`.`model` FROM `django_content_type` WHERE (`django_content_type`.`model` = 'work' AND `django_content_type`.`app_label` = 'website'); args=('work', 'website')
2016-05-20 08:24:48,526 [MainThread:140735127875584] [django.db.backends:89] [utils:execute] [DEBUG]- (0.044) INSERT INTO `django_content_type` (`app_label`, `model`) VALUES ('website', 'work'); args=['website', 'work']
2016-05-20 08:24:48,659 [MainThread:140735127875584] [django.db.backends:89] [utils:execute] [DEBUG]- (0.044) SELECT `django_content_type`.`id`, `django_content_type`.`app_label`, `django_content_type`.`model` FROM `django_content_type` WHERE (`django_content_type`.`model` = 'ipinfo' AND `django_content_type`.`app_label` = 'website'); args=('ipinfo', 'website')
2016-05-20 08:24:48,704 [MainThread:140735127875584] [django.db.backends:89] [utils:execute] [DEBUG]- (0.044) SELECT `django_content_type`.`id`, `django_content_type`.`app_label`, `django_content_type`.`model` FROM `django_content_type` WHERE (`django_content_type`.`model` = 'ipinfo' AND `django_content_type`.`app_label` = 'website'); args=('ipinfo', 'website')
2016-05-20 08:24:48,798 [MainThread:140735127875584] [django.db.backends:89] [utils:execute] [DEBUG]- (0.048) INSERT INTO `django_content_type` (`app_label`, `model`) VALUES ('website', 'ipinfo'); args=['website', 'ipinfo']
2016-05-20 08:24:48,932 [MainThread:140735127875584] [django.db.backends:89] [utils:execute] [DEBUG]- (0.044) SELECT `auth_permission`.`content_type_id`, `auth_permission`.`codename` FROM `auth_permission` INNER JOIN `django_content_type` ON (`auth_permission`.`content_type_id` = `django_content_type`.`id`) WHERE `auth_permission`.`content_type_id` IN (8, 9, 10, 11, 7) ORDER BY `django_content_type`.`app_label` ASC, `django_content_type`.`model` ASC, `auth_permission`.`codename` ASC; args=(8, 9, 10, 11, 7)
2016-05-20 08:24:49,022 [MainThread:140735127875584] [django.db.backends:89] [utils:execute] [DEBUG]- (0.044) INSERT INTO `auth_permission` (`name`, `content_type_id`, `codename`) VALUES ('Can add site info', 7, 'add_siteinfo'), ('Can change site info', 7, 'change_siteinfo'), ('Can delete site info', 7, 'delete_siteinfo'), ('Can add user info', 8, 'add_userinfo'), ('Can change user info', 8, 'change_userinfo'), ('Can delete user info', 8, 'delete_userinfo'), ('Can add user super', 9, 'add_usersuper'), ('Can change user super', 9, 'change_usersuper'), ('Can delete user super', 9, 'delete_usersuper'), ('Can add work', 10, 'add_work'), ('Can change work', 10, 'change_work'), ('Can delete work', 10, 'delete_work'), ('Can add ip info', 11, 'add_ipinfo'), ('Can change ip info', 11, 'change_ipinfo'), ('Can delete ip info', 11, 'delete_ipinfo'); args=(u'Can add site info', 7, u'add_siteinfo', u'Can change site info', 7, u'change_siteinfo', u'Can delete site info', 7, u'delete_siteinfo', u'Can add user info', 8, u'add_userinfo', u'Can change user info', 8, u'change_userinfo', u'Can delete user info', 8, u'delete_userinfo', u'Can add user super', 9, u'add_usersuper', u'Can change user super', 9, u'change_usersuper', u'Can delete user super', 9, u'delete_usersuper', u'Can add work', 10, u'add_work', u'Can change work', 10, u'change_work', u'Can delete work', 10, u'delete_work', u'Can add ip info', 11, u'add_ipinfo', u'Can change ip info', 11, u'change_ipinfo', u'Can delete ip info', 11, u'delete_ipinfo')
2016-05-20 08:24:49,156 [MainThread:140735127875584] [django.db.backends:89] [utils:execute] [DEBUG]- (0.044) SELECT `django_content_type`.`id`, `django_content_type`.`app_label`, `django_content_type`.`model` FROM `django_content_type` WHERE `django_content_type`.`app_label` = 'website'; args=('website',)
2016-05-20 08:25:14,474 [Dummy-1:123145306509312] [django.db.backends:89] [utils:execute] [DEBUG]- (0.040) SET SQL_AUTO_IS_NULL = 0; args=None
2016-05-20 08:25:14,966 [Dummy-1:123145306509312] [django.db.backends:89] [utils:execute] [DEBUG]- (0.048) SET SQL_AUTO_IS_NULL = 0; args=None
2016-05-20 08:25:15,018 [Dummy-1:123145306509312] [django.db.backends:89] [utils:execute] [DEBUG]- (0.051) SHOW FULL TABLES; args=None
2016-05-20 08:25:15,126 [Dummy-1:123145306509312] [django.db.backends:89] [utils:execute] [DEBUG]- (0.049) SELECT `django_migrations`.`app`, `django_migrations`.`name` FROM `django_migrations`; args=()
2016-05-20 08:25:43,604 [Thread-8:123145314922496] [django.template:927] [base:_resolve_lookup] [DEBUG]- Exception while resolving variable 'name' in template 'unknown'.
Traceback (most recent call last):
  File "/Library/Python/2.7/site-packages/Django-1.9.2-py2.7.egg/django/template/base.py", line 905, in _resolve_lookup
    (bit, current))  # missing attribute
VariableDoesNotExist: Failed lookup for key [name] in u'<RegexURLResolver <RegexURLPattern list> (admin:admin) ^admin/>'
2016-05-20 08:26:51,073 [Dummy-1:123145306509312] [django.db.backends:89] [utils:execute] [DEBUG]- (0.044) SET SQL_AUTO_IS_NULL = 0; args=None
2016-05-20 08:26:51,550 [Dummy-1:123145306509312] [django.db.backends:89] [utils:execute] [DEBUG]- (0.048) SET SQL_AUTO_IS_NULL = 0; args=None
2016-05-20 08:26:51,601 [Dummy-1:123145306509312] [django.db.backends:89] [utils:execute] [DEBUG]- (0.051) SHOW FULL TABLES; args=None
2016-05-20 08:26:52,138 [Dummy-1:123145306509312] [django.db.backends:89] [utils:execute] [DEBUG]- (0.490) SELECT `django_migrations`.`app`, `django_migrations`.`name` FROM `django_migrations`; args=()
2016-05-20 08:38:17,260 [Dummy-1:123145306509312] [django.db.backends:89] [utils:execute] [DEBUG]- (0.044) SET SQL_AUTO_IS_NULL = 0; args=None
2016-05-20 08:38:17,705 [Dummy-1:123145306509312] [django.db.backends:89] [utils:execute] [DEBUG]- (0.044) SET SQL_AUTO_IS_NULL = 0; args=None
2016-05-20 08:38:17,753 [Dummy-1:123145306509312] [django.db.backends:89] [utils:execute] [DEBUG]- (0.048) SHOW FULL TABLES; args=None
2016-05-20 08:38:17,845 [Dummy-1:123145306509312] [django.db.backends:89] [utils:execute] [DEBUG]- (0.047) SELECT `django_migrations`.`app`, `django_migrations`.`name` FROM `django_migrations`; args=()
2016-05-20 08:38:33,828 [MainThread:140735127875584] [django.db.backends:89] [utils:execute] [DEBUG]- (0.042) SET SQL_AUTO_IS_NULL = 0; args=None
2016-05-20 08:38:37,536 [MainThread:140735127875584] [django.db.backends:89] [utils:execute] [DEBUG]- (0.048) SET SQL_AUTO_IS_NULL = 0; args=None
2016-05-20 08:38:37,913 [MainThread:140735127875584] [django.db.backends:89] [utils:execute] [DEBUG]- (0.049) SET SQL_AUTO_IS_NULL = 0; args=None
2016-05-20 08:38:37,964 [MainThread:140735127875584] [django.db.backends:89] [utils:execute] [DEBUG]- (0.051) SHOW FULL TABLES; args=None
2016-05-20 08:38:38,072 [MainThread:140735127875584] [django.db.backends:89] [utils:execute] [DEBUG]- (0.051) SELECT `django_migrations`.`app`, `django_migrations`.`name` FROM `django_migrations`; args=()
2016-05-20 08:38:38,097 [MainThread:140735127875584] [django.db.backends.schema:101] [schema:execute] [DEBUG]- CREATE TABLE `website_logbrowse` (`id` integer AUTO_INCREMENT NOT NULL PRIMARY KEY, `time` datetime NOT NULL, `ip` varchar(30) NOT NULL, `act` varchar(200) NOT NULL); (params None)
2016-05-20 08:38:38,172 [MainThread:140735127875584] [django.db.backends:89] [utils:execute] [DEBUG]- (0.074) CREATE TABLE `website_logbrowse` (`id` integer AUTO_INCREMENT NOT NULL PRIMARY KEY, `time` datetime NOT NULL, `ip` varchar(30) NOT NULL, `act` varchar(200) NOT NULL); args=None
2016-05-20 08:38:38,222 [MainThread:140735127875584] [django.db.backends:89] [utils:execute] [DEBUG]- (0.049) SELECT engine FROM information_schema.tables WHERE table_name = 'website_logbrowse'; args=[u'website_logbrowse']
2016-05-20 08:38:38,227 [MainThread:140735127875584] [django.db.backends.schema:101] [schema:execute] [DEBUG]- CREATE TABLE `website_logexer` (`id` integer AUTO_INCREMENT NOT NULL PRIMARY KEY, `time` datetime NOT NULL, `name` varchar(20) NOT NULL, `ip` varchar(30) NOT NULL, `act` varchar(200) NOT NULL); (params None)
2016-05-20 08:38:38,306 [MainThread:140735127875584] [django.db.backends:89] [utils:execute] [DEBUG]- (0.079) CREATE TABLE `website_logexer` (`id` integer AUTO_INCREMENT NOT NULL PRIMARY KEY, `time` datetime NOT NULL, `name` varchar(20) NOT NULL, `ip` varchar(30) NOT NULL, `act` varchar(200) NOT NULL); args=None
2016-05-20 08:38:38,660 [MainThread:140735127875584] [django.db.backends:89] [utils:execute] [DEBUG]- (0.354) SELECT engine FROM information_schema.tables WHERE table_name = 'website_logexer'; args=[u'website_logexer']
2016-05-20 08:38:38,861 [MainThread:140735127875584] [django.db.backends:89] [utils:execute] [DEBUG]- (0.201) SHOW FULL TABLES; args=None
2016-05-20 08:38:39,264 [MainThread:140735127875584] [django.db.backends:89] [utils:execute] [DEBUG]- (0.355) INSERT INTO `django_migrations` (`app`, `name`, `applied`) VALUES ('website', '0002_logbrowse_logexer', '2016-05-20 08:38:38'); args=['website', u'0002_logbrowse_logexer', u'2016-05-20 08:38:38']
2016-05-20 08:38:39,412 [MainThread:140735127875584] [django.db.backends:89] [utils:execute] [DEBUG]- (0.052) SHOW FULL TABLES; args=None
2016-05-20 08:38:39,464 [MainThread:140735127875584] [django.db.backends:89] [utils:execute] [DEBUG]- (0.051) SELECT `django_migrations`.`app`, `django_migrations`.`name` FROM `django_migrations`; args=()
2016-05-20 08:38:39,515 [MainThread:140735127875584] [django.db.backends:89] [utils:execute] [DEBUG]- (0.049) SELECT `django_content_type`.`id`, `django_content_type`.`app_label`, `django_content_type`.`model` FROM `django_content_type` WHERE (`django_content_type`.`model` = 'logentry' AND `django_content_type`.`app_label` = 'admin'); args=('logentry', 'admin')
2016-05-20 08:38:39,567 [MainThread:140735127875584] [django.db.backends:89] [utils:execute] [DEBUG]- (0.049) SELECT `auth_permission`.`content_type_id`, `auth_permission`.`codename` FROM `auth_permission` INNER JOIN `django_content_type` ON (`auth_permission`.`content_type_id` = `django_content_type`.`id`) WHERE `auth_permission`.`content_type_id` IN (1) ORDER BY `django_content_type`.`app_label` ASC, `django_content_type`.`model` ASC, `auth_permission`.`codename` ASC; args=(1,)
2016-05-20 08:38:39,617 [MainThread:140735127875584] [django.db.backends:89] [utils:execute] [DEBUG]- (0.049) SELECT `django_content_type`.`id`, `django_content_type`.`app_label`, `django_content_type`.`model` FROM `django_content_type` WHERE `django_content_type`.`app_label` = 'admin'; args=('admin',)
2016-05-20 08:38:39,667 [MainThread:140735127875584] [django.db.backends:89] [utils:execute] [DEBUG]- (0.048) SELECT `django_content_type`.`id`, `django_content_type`.`app_label`, `django_content_type`.`model` FROM `django_content_type` WHERE (`django_content_type`.`model` = 'permission' AND `django_content_type`.`app_label` = 'auth'); args=('permission', 'auth')
2016-05-20 08:38:39,718 [MainThread:140735127875584] [django.db.backends:89] [utils:execute] [DEBUG]- (0.049) SELECT `django_content_type`.`id`, `django_content_type`.`app_label`, `django_content_type`.`model` FROM `django_content_type` WHERE (`django_content_type`.`model` = 'group' AND `django_content_type`.`app_label` = 'auth'); args=('group', 'auth')
2016-05-20 08:38:39,768 [MainThread:140735127875584] [django.db.backends:89] [utils:execute] [DEBUG]- (0.048) SELECT `django_content_type`.`id`, `django_content_type`.`app_label`, `django_content_type`.`model` FROM `django_content_type` WHERE (`django_content_type`.`model` = 'user' AND `django_content_type`.`app_label` = 'auth'); args=('user', 'auth')
2016-05-20 08:38:39,819 [MainThread:140735127875584] [django.db.backends:89] [utils:execute] [DEBUG]- (0.049) SELECT `auth_permission`.`content_type_id`, `auth_permission`.`codename` FROM `auth_permission` INNER JOIN `django_content_type` ON (`auth_permission`.`content_type_id` = `django_content_type`.`id`) WHERE `auth_permission`.`content_type_id` IN (2, 3, 4) ORDER BY `django_content_type`.`app_label` ASC, `django_content_type`.`model` ASC, `auth_permission`.`codename` ASC; args=(2, 3, 4)
2016-05-20 08:38:39,869 [MainThread:140735127875584] [django.db.backends:89] [utils:execute] [DEBUG]- (0.049) SELECT `django_content_type`.`id`, `django_content_type`.`app_label`, `django_content_type`.`model` FROM `django_content_type` WHERE `django_content_type`.`app_label` = 'auth'; args=('auth',)
2016-05-20 08:38:40,335 [MainThread:140735127875584] [django.db.backends:89] [utils:execute] [DEBUG]- (0.464) SELECT `django_content_type`.`id`, `django_content_type`.`app_label`, `django_content_type`.`model` FROM `django_content_type` WHERE (`django_content_type`.`model` = 'contenttype' AND `django_content_type`.`app_label` = 'contenttypes'); args=('contenttype', 'contenttypes')
2016-05-20 08:38:40,385 [MainThread:140735127875584] [django.db.backends:89] [utils:execute] [DEBUG]- (0.049) SELECT `auth_permission`.`content_type_id`, `auth_permission`.`codename` FROM `auth_permission` INNER JOIN `django_content_type` ON (`auth_permission`.`content_type_id` = `django_content_type`.`id`) WHERE `auth_permission`.`content_type_id` IN (5) ORDER BY `django_content_type`.`app_label` ASC, `django_content_type`.`model` ASC, `auth_permission`.`codename` ASC; args=(5,)
2016-05-20 08:38:40,435 [MainThread:140735127875584] [django.db.backends:89] [utils:execute] [DEBUG]- (0.048) SELECT `django_content_type`.`id`, `django_content_type`.`app_label`, `django_content_type`.`model` FROM `django_content_type` WHERE `django_content_type`.`app_label` = 'contenttypes'; args=('contenttypes',)
2016-05-20 08:38:40,814 [MainThread:140735127875584] [django.db.backends:89] [utils:execute] [DEBUG]- (0.378) SELECT `django_content_type`.`id`, `django_content_type`.`app_label`, `django_content_type`.`model` FROM `django_content_type` WHERE (`django_content_type`.`model` = 'session' AND `django_content_type`.`app_label` = 'sessions'); args=('session', 'sessions')
2016-05-20 08:38:40,866 [MainThread:140735127875584] [django.db.backends:89] [utils:execute] [DEBUG]- (0.049) SELECT `auth_permission`.`content_type_id`, `auth_permission`.`codename` FROM `auth_permission` INNER JOIN `django_content_type` ON (`auth_permission`.`content_type_id` = `django_content_type`.`id`) WHERE `auth_permission`.`content_type_id` IN (6) ORDER BY `django_content_type`.`app_label` ASC, `django_content_type`.`model` ASC, `auth_permission`.`codename` ASC; args=(6,)
2016-05-20 08:38:40,915 [MainThread:140735127875584] [django.db.backends:89] [utils:execute] [DEBUG]- (0.048) SELECT `django_content_type`.`id`, `django_content_type`.`app_label`, `django_content_type`.`model` FROM `django_content_type` WHERE `django_content_type`.`app_label` = 'sessions'; args=('sessions',)
2016-05-20 08:38:40,965 [MainThread:140735127875584] [django.db.backends:89] [utils:execute] [DEBUG]- (0.049) SELECT `django_content_type`.`id`, `django_content_type`.`app_label`, `django_content_type`.`model` FROM `django_content_type` WHERE (`django_content_type`.`model` = 'siteinfo' AND `django_content_type`.`app_label` = 'website'); args=('siteinfo', 'website')
2016-05-20 08:38:41,140 [MainThread:140735127875584] [django.db.backends:89] [utils:execute] [DEBUG]- (0.172) SELECT `django_content_type`.`id`, `django_content_type`.`app_label`, `django_content_type`.`model` FROM `django_content_type` WHERE (`django_content_type`.`model` = 'logexer' AND `django_content_type`.`app_label` = 'website'); args=('logexer', 'website')
2016-05-20 08:38:41,189 [MainThread:140735127875584] [django.db.backends:89] [utils:execute] [DEBUG]- (0.049) SELECT `django_content_type`.`id`, `django_content_type`.`app_label`, `django_content_type`.`model` FROM `django_content_type` WHERE (`django_content_type`.`model` = 'logexer' AND `django_content_type`.`app_label` = 'website'); args=('logexer', 'website')
2016-05-20 08:38:41,285 [MainThread:140735127875584] [django.db.backends:89] [utils:execute] [DEBUG]- (0.048) INSERT INTO `django_content_type` (`app_label`, `model`) VALUES ('website', 'logexer'); args=['website', 'logexer']
2016-05-20 08:38:41,430 [MainThread:140735127875584] [django.db.backends:89] [utils:execute] [DEBUG]- (0.048) SELECT `django_content_type`.`id`, `django_content_type`.`app_label`, `django_content_type`.`model` FROM `django_content_type` WHERE (`django_content_type`.`model` = 'logbrowse' AND `django_content_type`.`app_label` = 'website'); args=('logbrowse', 'website')
2016-05-20 08:38:41,479 [MainThread:140735127875584] [django.db.backends:89] [utils:execute] [DEBUG]- (0.048) SELECT `django_content_type`.`id`, `django_content_type`.`app_label`, `django_content_type`.`model` FROM `django_content_type` WHERE (`django_content_type`.`model` = 'logbrowse' AND `django_content_type`.`app_label` = 'website'); args=('logbrowse', 'website')
2016-05-20 08:38:41,672 [MainThread:140735127875584] [django.db.backends:89] [utils:execute] [DEBUG]- (0.144) INSERT INTO `django_content_type` (`app_label`, `model`) VALUES ('website', 'logbrowse'); args=['website', 'logbrowse']
2016-05-20 08:38:41,818 [MainThread:140735127875584] [django.db.backends:89] [utils:execute] [DEBUG]- (0.048) SELECT `django_content_type`.`id`, `django_content_type`.`app_label`, `django_content_type`.`model` FROM `django_content_type` WHERE (`django_content_type`.`model` = 'userinfo' AND `django_content_type`.`app_label` = 'website'); args=('userinfo', 'website')
2016-05-20 08:38:41,868 [MainThread:140735127875584] [django.db.backends:89] [utils:execute] [DEBUG]- (0.048) SELECT `django_content_type`.`id`, `django_content_type`.`app_label`, `django_content_type`.`model` FROM `django_content_type` WHERE (`django_content_type`.`model` = 'usersuper' AND `django_content_type`.`app_label` = 'website'); args=('usersuper', 'website')
2016-05-20 08:38:41,917 [MainThread:140735127875584] [django.db.backends:89] [utils:execute] [DEBUG]- (0.048) SELECT `django_content_type`.`id`, `django_content_type`.`app_label`, `django_content_type`.`model` FROM `django_content_type` WHERE (`django_content_type`.`model` = 'work' AND `django_content_type`.`app_label` = 'website'); args=('work', 'website')
2016-05-20 08:38:41,967 [MainThread:140735127875584] [django.db.backends:89] [utils:execute] [DEBUG]- (0.048) SELECT `django_content_type`.`id`, `django_content_type`.`app_label`, `django_content_type`.`model` FROM `django_content_type` WHERE (`django_content_type`.`model` = 'ipinfo' AND `django_content_type`.`app_label` = 'website'); args=('ipinfo', 'website')
2016-05-20 08:38:42,018 [MainThread:140735127875584] [django.db.backends:89] [utils:execute] [DEBUG]- (0.049) SELECT `auth_permission`.`content_type_id`, `auth_permission`.`codename` FROM `auth_permission` INNER JOIN `django_content_type` ON (`auth_permission`.`content_type_id` = `django_content_type`.`id`) WHERE `auth_permission`.`content_type_id` IN (7, 8, 9, 10, 11, 12, 13) ORDER BY `django_content_type`.`app_label` ASC, `django_content_type`.`model` ASC, `auth_permission`.`codename` ASC; args=(7, 8, 9, 10, 11, 12, 13)
2016-05-20 08:38:42,210 [MainThread:140735127875584] [django.db.backends:89] [utils:execute] [DEBUG]- (0.048) INSERT INTO `auth_permission` (`name`, `content_type_id`, `codename`) VALUES ('Can add logexer', 12, 'add_logexer'), ('Can change logexer', 12, 'change_logexer'), ('Can delete logexer', 12, 'delete_logexer'), ('Can add logbrowse', 13, 'add_logbrowse'), ('Can change logbrowse', 13, 'change_logbrowse'), ('Can delete logbrowse', 13, 'delete_logbrowse'); args=(u'Can add logexer', 12, u'add_logexer', u'Can change logexer', 12, u'change_logexer', u'Can delete logexer', 12, u'delete_logexer', u'Can add logbrowse', 13, u'add_logbrowse', u'Can change logbrowse', 13, u'change_logbrowse', u'Can delete logbrowse', 13, u'delete_logbrowse')
2016-05-20 08:38:42,354 [MainThread:140735127875584] [django.db.backends:89] [utils:execute] [DEBUG]- (0.049) SELECT `django_content_type`.`id`, `django_content_type`.`app_label`, `django_content_type`.`model` FROM `django_content_type` WHERE `django_content_type`.`app_label` = 'website'; args=('website',)
2016-05-20 08:42:06,012 [Dummy-1:123145306509312] [django.db.backends:89] [utils:execute] [DEBUG]- (0.044) SET SQL_AUTO_IS_NULL = 0; args=None
2016-05-20 08:42:06,512 [Dummy-1:123145306509312] [django.db.backends:89] [utils:execute] [DEBUG]- (0.044) SET SQL_AUTO_IS_NULL = 0; args=None
2016-05-20 08:42:06,560 [Dummy-1:123145306509312] [django.db.backends:89] [utils:execute] [DEBUG]- (0.048) SHOW FULL TABLES; args=None
2016-05-20 08:42:06,688 [Dummy-1:123145306509312] [django.db.backends:89] [utils:execute] [DEBUG]- (0.047) SELECT `django_migrations`.`app`, `django_migrations`.`name` FROM `django_migrations`; args=()
2016-05-20 21:09:24,163 [Dummy-1:123145306509312] [django.db.backends:89] [utils:execute] [DEBUG]- (0.044) SET SQL_AUTO_IS_NULL = 0; args=None
2016-05-20 21:09:24,511 [Dummy-1:123145306509312] [django.db.backends:89] [utils:execute] [DEBUG]- (0.040) SET SQL_AUTO_IS_NULL = 0; args=None
2016-05-20 21:09:24,555 [Dummy-1:123145306509312] [django.db.backends:89] [utils:execute] [DEBUG]- (0.044) SHOW FULL TABLES; args=None
2016-05-20 21:09:24,619 [Dummy-1:123145306509312] [django.db.backends:89] [utils:execute] [DEBUG]- (0.042) SELECT `django_migrations`.`app`, `django_migrations`.`name` FROM `django_migrations`; args=()
2016-05-20 22:03:17,263 [Dummy-1:123145306509312] [django.db.backends:89] [utils:execute] [DEBUG]- (0.044) SET SQL_AUTO_IS_NULL = 0; args=None
2016-05-20 22:03:17,599 [Dummy-1:123145306509312] [django.db.backends:89] [utils:execute] [DEBUG]- (0.044) SET SQL_AUTO_IS_NULL = 0; args=None
2016-05-20 22:03:17,651 [Dummy-1:123145306509312] [django.db.backends:89] [utils:execute] [DEBUG]- (0.051) SHOW FULL TABLES; args=None
2016-05-20 22:03:17,699 [Dummy-1:123145306509312] [django.db.backends:89] [utils:execute] [DEBUG]- (0.046) SELECT `django_migrations`.`app`, `django_migrations`.`name` FROM `django_migrations`; args=()
2016-05-20 22:07:35,178 [Dummy-1:123145306509312] [django.db.backends:89] [utils:execute] [DEBUG]- (0.044) SET SQL_AUTO_IS_NULL = 0; args=None
2016-05-20 22:07:35,542 [Dummy-1:123145306509312] [django.db.backends:89] [utils:execute] [DEBUG]- (0.044) SET SQL_AUTO_IS_NULL = 0; args=None
2016-05-20 22:07:35,591 [Dummy-1:123145306509312] [django.db.backends:89] [utils:execute] [DEBUG]- (0.048) SHOW FULL TABLES; args=None
2016-05-20 22:07:35,642 [Dummy-1:123145306509312] [django.db.backends:89] [utils:execute] [DEBUG]- (0.049) SELECT `django_migrations`.`app`, `django_migrations`.`name` FROM `django_migrations`; args=()
2016-05-20 22:11:24,642 [Dummy-1:123145306509312] [django.db.backends:89] [utils:execute] [DEBUG]- (0.044) SET SQL_AUTO_IS_NULL = 0; args=None
2016-05-20 22:11:24,921 [Dummy-1:123145306509312] [django.db.backends:89] [utils:execute] [DEBUG]- (0.036) SET SQL_AUTO_IS_NULL = 0; args=None
2016-05-20 22:11:24,962 [Dummy-1:123145306509312] [django.db.backends:89] [utils:execute] [DEBUG]- (0.040) SHOW FULL TABLES; args=None
2016-05-20 22:11:25,005 [Dummy-1:123145306509312] [django.db.backends:89] [utils:execute] [DEBUG]- (0.040) SELECT `django_migrations`.`app`, `django_migrations`.`name` FROM `django_migrations`; args=()
2016-05-20 22:16:56,529 [Dummy-1:123145306509312] [django.db.backends:89] [utils:execute] [DEBUG]- (0.040) SET SQL_AUTO_IS_NULL = 0; args=None
2016-05-20 22:16:56,857 [Dummy-1:123145306509312] [django.db.backends:89] [utils:execute] [DEBUG]- (0.044) SET SQL_AUTO_IS_NULL = 0; args=None
2016-05-20 22:16:56,909 [Dummy-1:123145306509312] [django.db.backends:89] [utils:execute] [DEBUG]- (0.051) SHOW FULL TABLES; args=None
2016-05-20 22:16:56,957 [Dummy-1:123145306509312] [django.db.backends:89] [utils:execute] [DEBUG]- (0.046) SELECT `django_migrations`.`app`, `django_migrations`.`name` FROM `django_migrations`; args=()
2016-05-20 22:21:59,100 [Dummy-1:123145306509312] [django.db.backends:89] [utils:execute] [DEBUG]- (0.036) SET SQL_AUTO_IS_NULL = 0; args=None
2016-05-20 22:21:59,416 [Dummy-1:123145306509312] [django.db.backends:89] [utils:execute] [DEBUG]- (0.044) SET SQL_AUTO_IS_NULL = 0; args=None
2016-05-20 22:21:59,464 [Dummy-1:123145306509312] [django.db.backends:89] [utils:execute] [DEBUG]- (0.047) SHOW FULL TABLES; args=None
2016-05-20 22:21:59,512 [Dummy-1:123145306509312] [django.db.backends:89] [utils:execute] [DEBUG]- (0.044) SELECT `django_migrations`.`app`, `django_migrations`.`name` FROM `django_migrations`; args=()
2016-05-20 22:23:46,200 [Dummy-1:123145306509312] [django.db.backends:89] [utils:execute] [DEBUG]- (0.040) SET SQL_AUTO_IS_NULL = 0; args=None
2016-05-20 22:23:46,504 [Dummy-1:123145306509312] [django.db.backends:89] [utils:execute] [DEBUG]- (0.040) SET SQL_AUTO_IS_NULL = 0; args=None
2016-05-20 22:23:46,548 [Dummy-1:123145306509312] [django.db.backends:89] [utils:execute] [DEBUG]- (0.044) SHOW FULL TABLES; args=None
2016-05-20 22:23:46,591 [Dummy-1:123145306509312] [django.db.backends:89] [utils:execute] [DEBUG]- (0.042) SELECT `django_migrations`.`app`, `django_migrations`.`name` FROM `django_migrations`; args=()
2016-05-20 23:19:05,368 [Dummy-1:123145306509312] [django.db.backends:89] [utils:execute] [DEBUG]- (0.036) SET SQL_AUTO_IS_NULL = 0; args=None
2016-05-20 23:19:05,640 [Dummy-1:123145306509312] [django.db.backends:89] [utils:execute] [DEBUG]- (0.036) SET SQL_AUTO_IS_NULL = 0; args=None
2016-05-20 23:19:05,680 [Dummy-1:123145306509312] [django.db.backends:89] [utils:execute] [DEBUG]- (0.040) SHOW FULL TABLES; args=None
2016-05-20 23:19:05,724 [Dummy-1:123145306509312] [django.db.backends:89] [utils:execute] [DEBUG]- (0.039) SELECT `django_migrations`.`app`, `django_migrations`.`name` FROM `django_migrations`; args=()
2016-05-22 04:52:29,703 [Dummy-1:123145306509312] [django.db.backends:89] [utils:execute] [DEBUG]- (0.040) SET SQL_AUTO_IS_NULL = 0; args=None
2016-05-22 04:52:30,043 [Dummy-1:123145306509312] [django.db.backends:89] [utils:execute] [DEBUG]- (0.040) SET SQL_AUTO_IS_NULL = 0; args=None
2016-05-22 04:52:30,087 [Dummy-1:123145306509312] [django.db.backends:89] [utils:execute] [DEBUG]- (0.044) SHOW FULL TABLES; args=None
2016-05-22 04:52:30,151 [Dummy-1:123145306509312] [django.db.backends:89] [utils:execute] [DEBUG]- (0.043) SELECT `django_migrations`.`app`, `django_migrations`.`name` FROM `django_migrations`; args=()
2016-06-04 13:15:24,143 [Dummy-1:123145306509312] [django.db.backends:89] [utils:execute] [DEBUG]- (0.085) SET SQL_AUTO_IS_NULL = 0; args=None
2016-06-04 13:15:24,853 [Dummy-1:123145306509312] [django.db.backends:89] [utils:execute] [DEBUG]- (0.092) SET SQL_AUTO_IS_NULL = 0; args=None
2016-06-04 13:15:24,950 [Dummy-1:123145306509312] [django.db.backends:89] [utils:execute] [DEBUG]- (0.096) SHOW FULL TABLES; args=None
2016-06-04 13:15:25,066 [Dummy-1:123145306509312] [django.db.backends:89] [utils:execute] [DEBUG]- (0.090) SELECT `django_migrations`.`app`, `django_migrations`.`name` FROM `django_migrations`; args=()
2016-06-05 12:33:15,465 [Dummy-1:123145306509312] [django.db.backends:89] [utils:execute] [DEBUG]- (0.138) SET SQL_AUTO_IS_NULL = 0; args=None
2016-06-05 12:33:16,459 [Dummy-1:123145306509312] [django.db.backends:89] [utils:execute] [DEBUG]- (0.138) SET SQL_AUTO_IS_NULL = 0; args=None
2016-06-05 12:33:16,601 [Dummy-1:123145306509312] [django.db.backends:89] [utils:execute] [DEBUG]- (0.142) SHOW FULL TABLES; args=None
2016-06-05 12:33:16,749 [Dummy-1:123145306509312] [django.db.backends:89] [utils:execute] [DEBUG]- (0.143) SELECT `django_migrations`.`app`, `django_migrations`.`name` FROM `django_migrations`; args=()
2016-06-05 13:25:30,586 [Dummy-1:123145306509312] [django.db.backends:89] [utils:execute] [DEBUG]- (0.103) SET SQL_AUTO_IS_NULL = 0; args=None
2016-06-05 13:25:31,418 [Dummy-1:123145306509312] [django.db.backends:89] [utils:execute] [DEBUG]- (0.118) SET SQL_AUTO_IS_NULL = 0; args=None
2016-06-05 13:25:31,537 [Dummy-1:123145306509312] [django.db.backends:89] [utils:execute] [DEBUG]- (0.118) SHOW FULL TABLES; args=None
2016-06-05 13:25:31,653 [Dummy-1:123145306509312] [django.db.backends:89] [utils:execute] [DEBUG]- (0.112) SELECT `django_migrations`.`app`, `django_migrations`.`name` FROM `django_migrations`; args=()
2016-06-05 13:26:07,728 [Dummy-1:123145306509312] [django.db.backends:89] [utils:execute] [DEBUG]- (0.105) SET SQL_AUTO_IS_NULL = 0; args=None
2016-06-05 13:26:08,498 [Dummy-1:123145306509312] [django.db.backends:89] [utils:execute] [DEBUG]- (0.104) SET SQL_AUTO_IS_NULL = 0; args=None
2016-06-05 13:26:08,606 [Dummy-1:123145306509312] [django.db.backends:89] [utils:execute] [DEBUG]- (0.108) SHOW FULL TABLES; args=None
2016-06-05 13:26:08,713 [Dummy-1:123145306509312] [django.db.backends:89] [utils:execute] [DEBUG]- (0.103) SELECT `django_migrations`.`app`, `django_migrations`.`name` FROM `django_migrations`; args=()
2016-06-05 13:29:03,861 [Dummy-1:123145306509312] [django.db.backends:89] [utils:execute] [DEBUG]- (0.120) SET SQL_AUTO_IS_NULL = 0; args=None
2016-06-05 13:29:04,741 [Dummy-1:123145306509312] [django.db.backends:89] [utils:execute] [DEBUG]- (0.122) SET SQL_AUTO_IS_NULL = 0; args=None
2016-06-05 13:29:04,866 [Dummy-1:123145306509312] [django.db.backends:89] [utils:execute] [DEBUG]- (0.124) SHOW FULL TABLES; args=None
2016-06-05 13:29:04,991 [Dummy-1:123145306509312] [django.db.backends:89] [utils:execute] [DEBUG]- (0.121) SELECT `django_migrations`.`app`, `django_migrations`.`name` FROM `django_migrations`; args=()
2016-06-05 13:29:26,140 [Dummy-1:123145306509312] [django.db.backends:89] [utils:execute] [DEBUG]- (0.128) SET SQL_AUTO_IS_NULL = 0; args=None
2016-06-05 13:29:27,040 [Dummy-1:123145306509312] [django.db.backends:89] [utils:execute] [DEBUG]- (0.123) SET SQL_AUTO_IS_NULL = 0; args=None
2016-06-05 13:29:27,169 [Dummy-1:123145306509312] [django.db.backends:89] [utils:execute] [DEBUG]- (0.128) SHOW FULL TABLES; args=None
2016-06-05 13:29:27,297 [Dummy-1:123145306509312] [django.db.backends:89] [utils:execute] [DEBUG]- (0.124) SELECT `django_migrations`.`app`, `django_migrations`.`name` FROM `django_migrations`; args=()
2016-06-05 13:29:46,958 [Dummy-1:123145306509312] [django.db.backends:89] [utils:execute] [DEBUG]- (0.111) SET SQL_AUTO_IS_NULL = 0; args=None
2016-06-05 13:29:47,778 [Dummy-1:123145306509312] [django.db.backends:89] [utils:execute] [DEBUG]- (0.114) SET SQL_AUTO_IS_NULL = 0; args=None
2016-06-05 13:29:47,893 [Dummy-1:123145306509312] [django.db.backends:89] [utils:execute] [DEBUG]- (0.115) SHOW FULL TABLES; args=None
2016-06-05 13:29:48,016 [Dummy-1:123145306509312] [django.db.backends:89] [utils:execute] [DEBUG]- (0.113) SELECT `django_migrations`.`app`, `django_migrations`.`name` FROM `django_migrations`; args=()
2016-06-05 13:30:57,939 [Dummy-1:123145306509312] [django.db.backends:89] [utils:execute] [DEBUG]- (0.131) SET SQL_AUTO_IS_NULL = 0; args=None
2016-06-05 13:30:58,890 [Dummy-1:123145306509312] [django.db.backends:89] [utils:execute] [DEBUG]- (0.136) SET SQL_AUTO_IS_NULL = 0; args=None
2016-06-05 13:30:59,028 [Dummy-1:123145306509312] [django.db.backends:89] [utils:execute] [DEBUG]- (0.137) SHOW FULL TABLES; args=None
2016-06-05 13:30:59,169 [Dummy-1:123145306509312] [django.db.backends:89] [utils:execute] [DEBUG]- (0.135) SELECT `django_migrations`.`app`, `django_migrations`.`name` FROM `django_migrations`; args=()
2016-06-05 13:31:26,286 [Dummy-1:123145306509312] [django.db.backends:89] [utils:execute] [DEBUG]- (0.132) SET SQL_AUTO_IS_NULL = 0; args=None
2016-06-05 13:31:27,143 [Dummy-1:123145306509312] [django.db.backends:89] [utils:execute] [DEBUG]- (0.114) SET SQL_AUTO_IS_NULL = 0; args=None
2016-06-05 13:31:27,263 [Dummy-1:123145306509312] [django.db.backends:89] [utils:execute] [DEBUG]- (0.119) SHOW FULL TABLES; args=None
2016-06-05 13:31:27,391 [Dummy-1:123145306509312] [django.db.backends:89] [utils:execute] [DEBUG]- (0.117) SELECT `django_migrations`.`app`, `django_migrations`.`name` FROM `django_migrations`; args=()
